[appleswap.ai/index.html]
[backblue.gif]
[fade.gif]
[index.html]
[appleswap.ai/_app.config538f.js]
[appleswap.ai/favicon.ico]
[appleswap.ai/script.html]
[appleswap.ai/assets/index.9df13cc8.css]
[appleswap.ai/assets/index.d1971cae.js]
[appleswap.ai/assets/app-antd-dark-theme-style.e3b0c442.css]
[appleswap.ai/index.html]
[appleswap.ai/script.html]
[appleswap.ai/resource/img/logo.svg]
[appleswap.ai/assets/xx.5f776f5b.svg]
[appleswap.ai/assets/xx.84717c7a.svg]
[appleswap.ai/assets/ad.01e40953.svg]
[appleswap.ai/assets/ad.4b037d69.svg]
[appleswap.ai/assets/ae.e646ea13.svg]
[appleswap.ai/assets/ae.534fefed.svg]
[appleswap.ai/assets/af.dcf380eb.svg]
[appleswap.ai/assets/af.2b0f0512.svg]
[appleswap.ai/assets/ag.d8b2d313.svg]
[appleswap.ai/assets/ag.0426382d.svg]
[appleswap.ai/assets/ai.9404c772.svg]
[appleswap.ai/assets/ai.259c2c73.svg]
[appleswap.ai/assets/al.d5d048db.svg]
[appleswap.ai/assets/al.21e1b6b5.svg]
[appleswap.ai/assets/am.efb6cdaa.svg]
[appleswap.ai/assets/am.57edcffa.svg]
[appleswap.ai/assets/ao.3c52ff53.svg]
[appleswap.ai/assets/ao.a296c39c.svg]
[appleswap.ai/assets/aq.454424bf.svg]
[appleswap.ai/assets/aq.733794b7.svg]
[appleswap.ai/assets/ar.2f7aada4.svg]
[appleswap.ai/assets/ar.1768d119.svg]
[appleswap.ai/assets/as.43a6bbb4.svg]
[appleswap.ai/assets/as.c4c6fecf.svg]
[appleswap.ai/assets/at.2754ed2f.svg]
[appleswap.ai/assets/at.9152f136.svg]
[appleswap.ai/assets/au.6cf0b0da.svg]
[appleswap.ai/assets/au.01aa7963.svg]
[appleswap.ai/assets/aw.c790e041.svg]
[appleswap.ai/assets/aw.e778dd16.svg]
[appleswap.ai/assets/ax.1f2bddd3.svg]
[appleswap.ai/assets/ax.4702b3f0.svg]
[appleswap.ai/assets/az.b942e12d.svg]
[appleswap.ai/assets/az.fef5c465.svg]
[appleswap.ai/assets/ba.a87565c0.svg]
[appleswap.ai/assets/ba.6f3a3ab7.svg]
[appleswap.ai/assets/bb.3054f0b2.svg]
[appleswap.ai/assets/bb.c7b3b259.svg]
[appleswap.ai/assets/bd.1aabb4a7.svg]
[appleswap.ai/assets/bd.90f8f20e.svg]
[appleswap.ai/assets/be.42f09ed6.svg]
[appleswap.ai/assets/be.a2f62b54.svg]
[appleswap.ai/assets/bf.606b17ad.svg]
[appleswap.ai/assets/bf.62cdc2bd.svg]
[appleswap.ai/assets/bg.a2282477.svg]
[appleswap.ai/assets/bg.40e29b66.svg]
[appleswap.ai/assets/bh.7a519f58.svg]
[appleswap.ai/assets/bh.102fe27e.svg]
[appleswap.ai/assets/bi.5ef1a56b.svg]
[appleswap.ai/assets/bi.976cd178.svg]
[appleswap.ai/assets/bj.0a46cbae.svg]
[appleswap.ai/assets/bj.2cbd6426.svg]
[appleswap.ai/assets/bl.d511eb84.svg]
[appleswap.ai/assets/bl.025f596f.svg]
[appleswap.ai/assets/bm.a15913d4.svg]
[appleswap.ai/assets/bm.fc42642b.svg]
[appleswap.ai/assets/bn.6a573bd7.svg]
[appleswap.ai/assets/bn.a381967f.svg]
[appleswap.ai/assets/bo.24e9a0dd.svg]
[appleswap.ai/assets/bo.651ff433.svg]
[appleswap.ai/assets/bq.23881e6c.svg]
[appleswap.ai/assets/bq.83723941.svg]
[appleswap.ai/assets/br.fc872e71.svg]
[appleswap.ai/assets/br.ce7e334e.svg]
[appleswap.ai/assets/bs.e3a1ee51.svg]
[appleswap.ai/assets/bs.21cdbdc6.svg]
[appleswap.ai/assets/bt.dc7fe8fa.svg]
[appleswap.ai/assets/bt.84e84171.svg]
[appleswap.ai/assets/bv.d972d58c.svg]
[appleswap.ai/assets/bv.342b164c.svg]
[appleswap.ai/assets/bw.1fc9322c.svg]
[appleswap.ai/assets/bw.e1e15926.svg]
[appleswap.ai/assets/by.c8f5fce1.svg]
[appleswap.ai/assets/by.6352ceb3.svg]
[appleswap.ai/assets/bz.33179ee8.svg]
[appleswap.ai/assets/bz.93bdf8bf.svg]
[appleswap.ai/assets/ca.73bd9657.svg]
[appleswap.ai/assets/ca.5e8736c4.svg]
[appleswap.ai/assets/cc.9c6cd055.svg]
[appleswap.ai/assets/cc.6ab691df.svg]
[appleswap.ai/assets/cd.23f049df.svg]
[appleswap.ai/assets/cd.c3f432db.svg]
[appleswap.ai/assets/cf.1b58dc20.svg]
[appleswap.ai/assets/cf.2e16b1cf.svg]
[appleswap.ai/assets/cg.c606004c.svg]
[appleswap.ai/assets/cg.d2d60d9f.svg]
[appleswap.ai/assets/ch.ac676cd3.svg]
[appleswap.ai/assets/ch.be4b8257.svg]
[appleswap.ai/assets/ci.4ecfea70.svg]
[appleswap.ai/assets/ci.c3f20b8e.svg]
[appleswap.ai/assets/ck.b17c039f.svg]
[appleswap.ai/assets/ck.e5457495.svg]
[appleswap.ai/assets/cl.24dfd9cf.svg]
[appleswap.ai/assets/cl.5ae2d8a4.svg]
[appleswap.ai/assets/cm.c9a327dc.svg]
[appleswap.ai/assets/cm.0899a610.svg]
[appleswap.ai/assets/cn.981da9bd.svg]
[appleswap.ai/assets/cn.b63401f4.svg]
[appleswap.ai/assets/co.6bab3c96.svg]
[appleswap.ai/assets/co.596558a2.svg]
[appleswap.ai/assets/cr.4775ef01.svg]
[appleswap.ai/assets/cr.b70b33c4.svg]
[appleswap.ai/assets/cu.e76f7c38.svg]
[appleswap.ai/assets/cu.4b240cd3.svg]
[appleswap.ai/assets/cv.2fa67e0a.svg]
[appleswap.ai/assets/cv.1f908f34.svg]
[appleswap.ai/assets/cw.c845d0ca.svg]
[appleswap.ai/assets/cw.f4df53da.svg]
[appleswap.ai/assets/cx.ade6b862.svg]
[appleswap.ai/assets/cx.cd561600.svg]
[appleswap.ai/assets/cy.4ef9fb91.svg]
[appleswap.ai/assets/cy.72cd7167.svg]
[appleswap.ai/assets/cz.d601fcc2.svg]
[appleswap.ai/assets/cz.5a462b5f.svg]
[appleswap.ai/assets/de.7318c9aa.svg]
[appleswap.ai/assets/de.d5f40046.svg]
[appleswap.ai/assets/dj.ed66c09f.svg]
[appleswap.ai/assets/dj.e788b24d.svg]
[appleswap.ai/assets/dk.d2847c0b.svg]
[appleswap.ai/assets/dk.4d7c9c44.svg]
[appleswap.ai/assets/dm.ff490fa3.svg]
[appleswap.ai/assets/dm.eab3ec31.svg]
[appleswap.ai/assets/do.9470b8ab.svg]
[appleswap.ai/assets/do.b63f4eb9.svg]
[appleswap.ai/assets/dz.9ea0cf93.svg]
[appleswap.ai/assets/dz.73f56cc7.svg]
[appleswap.ai/assets/ec.73be1a4b.svg]
[appleswap.ai/assets/ec.c1196d0f.svg]
[appleswap.ai/assets/ee.1c30ac2c.svg]
[appleswap.ai/assets/ee.733a082e.svg]
[appleswap.ai/assets/eg.3383c598.svg]
[appleswap.ai/assets/eg.04d3ab3f.svg]
[appleswap.ai/assets/eh.e9d3c61b.svg]
[appleswap.ai/assets/eh.cd622ccb.svg]
[appleswap.ai/assets/er.21cdc1d1.svg]
[appleswap.ai/assets/er.3cd1a45c.svg]
[appleswap.ai/assets/es.6fe80291.svg]
[appleswap.ai/assets/es.edd3ba17.svg]
[appleswap.ai/assets/et.c2525ca4.svg]
[appleswap.ai/assets/et.68cee02b.svg]
[appleswap.ai/assets/fi.012edd98.svg]
[appleswap.ai/assets/fi.f4064089.svg]
[appleswap.ai/assets/fj.34660dda.svg]
[appleswap.ai/assets/fj.be546b9d.svg]
[appleswap.ai/assets/fk.e27a1876.svg]
[appleswap.ai/assets/fk.2b55d0fe.svg]
[appleswap.ai/assets/fm.23db3e9f.svg]
[appleswap.ai/assets/fm.3113102b.svg]
[appleswap.ai/assets/fo.db222fca.svg]
[appleswap.ai/assets/fo.f3d95cc8.svg]
[appleswap.ai/assets/fr.8cdacc8d.svg]
[appleswap.ai/assets/fr.5cdc5047.svg]
[appleswap.ai/assets/ga.f7b775c4.svg]
[appleswap.ai/assets/ga.cb2951db.svg]
[appleswap.ai/assets/gb.51a8613a.svg]
[appleswap.ai/assets/gb.4b739ae8.svg]
[appleswap.ai/assets/gd.5b590f15.svg]
[appleswap.ai/assets/gd.a0f628ea.svg]
[appleswap.ai/assets/ge.3821d90a.svg]
[appleswap.ai/assets/ge.c89af007.svg]
[appleswap.ai/assets/gf.cb5464e2.svg]
[appleswap.ai/assets/gf.7643aaa7.svg]
[appleswap.ai/assets/gg.ea806b48.svg]
[appleswap.ai/assets/gg.ca797ce5.svg]
[appleswap.ai/assets/gh.86635202.svg]
[appleswap.ai/assets/gh.4afd4198.svg]
[appleswap.ai/assets/gi.64b3c164.svg]
[appleswap.ai/assets/gi.a72043d1.svg]
[appleswap.ai/assets/gl.15a60b07.svg]
[appleswap.ai/assets/gl.debe7773.svg]
[appleswap.ai/assets/gm.2aa3fad4.svg]
[appleswap.ai/assets/gm.726e760b.svg]
[appleswap.ai/assets/gn.ee01e7dd.svg]
[appleswap.ai/assets/gn.8d20e686.svg]
[appleswap.ai/assets/gp.ee9d78d0.svg]
[appleswap.ai/assets/gp.5f0e3566.svg]
[appleswap.ai/assets/gq.be2561d6.svg]
[appleswap.ai/assets/gq.a3bf98e3.svg]
[appleswap.ai/assets/gr.a184070f.svg]
[appleswap.ai/assets/gr.a4519d98.svg]
[appleswap.ai/assets/gs.5798c05b.svg]
[appleswap.ai/assets/gs.0801216a.svg]
[appleswap.ai/assets/gt.047e034e.svg]
[appleswap.ai/assets/gt.387d7394.svg]
[appleswap.ai/assets/gu.8d45b5e2.svg]
[appleswap.ai/assets/gu.0fc8abf7.svg]
[appleswap.ai/assets/gw.651e35df.svg]
[appleswap.ai/assets/gw.7bb04bdb.svg]
[appleswap.ai/assets/gy.81301929.svg]
[appleswap.ai/assets/gy.97253f86.svg]
[appleswap.ai/assets/hk.b1d75699.svg]
[appleswap.ai/assets/hk.cb99edfd.svg]
[appleswap.ai/assets/hm.962e9410.svg]
[appleswap.ai/assets/hm.3c45173f.svg]
[appleswap.ai/assets/hn.67130fa0.svg]
[appleswap.ai/assets/hn.545c93c9.svg]
[appleswap.ai/assets/hr.269fdafe.svg]
[appleswap.ai/assets/hr.11b51582.svg]
[appleswap.ai/assets/ht.06453723.svg]
[appleswap.ai/assets/ht.f397e92e.svg]
[appleswap.ai/assets/hu.ffc4edd5.svg]
[appleswap.ai/assets/hu.9e6bc6d7.svg]
[appleswap.ai/assets/id.5cd3acc4.svg]
[appleswap.ai/assets/id.b8cd30f2.svg]
[appleswap.ai/assets/ie.f82568d7.svg]
[appleswap.ai/assets/ie.860168f5.svg]
[appleswap.ai/assets/il.023f6d1b.svg]
[appleswap.ai/assets/il.a1a6fff1.svg]
[appleswap.ai/assets/im.4297d37f.svg]
[appleswap.ai/assets/im.4b7d3373.svg]
[appleswap.ai/assets/in.5578409e.svg]
[appleswap.ai/assets/in.ca5f38b1.svg]
[appleswap.ai/assets/io.a7a4cf26.svg]
[appleswap.ai/assets/io.1d9b0992.svg]
[appleswap.ai/assets/iq.0e5d8753.svg]
[appleswap.ai/assets/iq.d23d774b.svg]
[appleswap.ai/assets/ir.f55cb919.svg]
[appleswap.ai/assets/ir.a26d6b1f.svg]
[appleswap.ai/assets/is.ef74d1f1.svg]
[appleswap.ai/assets/is.07f3da7e.svg]
[appleswap.ai/assets/it.9fa88118.svg]
[appleswap.ai/assets/it.03086f2e.svg]
[appleswap.ai/assets/je.27d4c347.svg]
[appleswap.ai/assets/je.c138f8b2.svg]
[appleswap.ai/assets/jm.61441775.svg]
[appleswap.ai/assets/jm.a556453f.svg]
[appleswap.ai/assets/jo.28827eb1.svg]
[appleswap.ai/assets/jo.6e2909a8.svg]
[appleswap.ai/assets/jp.bfea80ba.svg]
[appleswap.ai/assets/jp.2bd3a486.svg]
[appleswap.ai/assets/ke.dd6b6ae5.svg]
[appleswap.ai/assets/ke.7eb5e970.svg]
[appleswap.ai/assets/kg.1a70b98a.svg]
[appleswap.ai/assets/kg.106674d7.svg]
[appleswap.ai/assets/kh.706c89a1.svg]
[appleswap.ai/assets/kh.65671aad.svg]
[appleswap.ai/assets/ki.f9f15e1f.svg]
[appleswap.ai/assets/ki.62b89f15.svg]
[appleswap.ai/assets/km.f66aabe2.svg]
[appleswap.ai/assets/km.e08a7d38.svg]
[appleswap.ai/assets/kn.c7744ba0.svg]
[appleswap.ai/assets/kn.2056e537.svg]
[appleswap.ai/assets/kp.c0815d9c.svg]
[appleswap.ai/assets/kp.a5f669ad.svg]
[appleswap.ai/assets/kr.28c300b3.svg]
[appleswap.ai/assets/kr.1ffe3852.svg]
[appleswap.ai/assets/kw.fabd47f0.svg]
[appleswap.ai/assets/kw.c014b43b.svg]
[appleswap.ai/assets/ky.7ce314ba.svg]
[appleswap.ai/assets/ky.081844eb.svg]
[appleswap.ai/assets/kz.bb09cc45.svg]
[appleswap.ai/assets/kz.d9160b84.svg]
[appleswap.ai/assets/la.ed8ce307.svg]
[appleswap.ai/assets/la.cde719dd.svg]
[appleswap.ai/assets/lb.3abccf66.svg]
[appleswap.ai/assets/lb.97589547.svg]
[appleswap.ai/assets/lc.525ad8c3.svg]
[appleswap.ai/assets/lc.539914cb.svg]
[appleswap.ai/assets/li.ab80b8a1.svg]
[appleswap.ai/assets/li.f5687123.svg]
[appleswap.ai/assets/lk.b3f79269.svg]
[appleswap.ai/assets/lk.e6bb471e.svg]
[appleswap.ai/assets/lr.cbf9ef85.svg]
[appleswap.ai/assets/lr.bca2ce8b.svg]
[appleswap.ai/assets/ls.9491616e.svg]
[appleswap.ai/assets/ls.d59e8226.svg]
[appleswap.ai/assets/lt.dc040199.svg]
[appleswap.ai/assets/lt.8ef0e9cb.svg]
[appleswap.ai/assets/lu.a6c17cd0.svg]
[appleswap.ai/assets/lu.965964b5.svg]
[appleswap.ai/assets/lv.15d4e812.svg]
[appleswap.ai/assets/lv.f4e0567e.svg]
[appleswap.ai/assets/ly.b9246781.svg]
[appleswap.ai/assets/ly.bbd57e2f.svg]
[appleswap.ai/assets/ma.28cfcdec.svg]
[appleswap.ai/assets/ma.8f1a0be2.svg]
[appleswap.ai/assets/mc.690c23fe.svg]
[appleswap.ai/assets/mc.c3aaba7e.svg]
[appleswap.ai/assets/md.ae4fd022.svg]
[appleswap.ai/assets/md.e678dd90.svg]
[appleswap.ai/assets/me.73f05f92.svg]
[appleswap.ai/assets/me.8d3f7f89.svg]
[appleswap.ai/assets/mf.137b371d.svg]
[appleswap.ai/assets/mf.65d7d1af.svg]
[appleswap.ai/assets/mg.59246c21.svg]
[appleswap.ai/assets/mg.f16ffe66.svg]
[appleswap.ai/assets/mh.f4d41b34.svg]
[appleswap.ai/assets/mh.7bd55f27.svg]
[appleswap.ai/assets/mk.22488dc8.svg]
[appleswap.ai/assets/mk.8faba052.svg]
[appleswap.ai/assets/ml.49e84081.svg]
[appleswap.ai/assets/ml.34021383.svg]
[appleswap.ai/assets/mm.c0b2e23a.svg]
[appleswap.ai/assets/mm.ea2756fc.svg]
[appleswap.ai/assets/mn.e1212518.svg]
[appleswap.ai/assets/mn.3867f78b.svg]
[appleswap.ai/assets/mo.b3150f82.svg]
[appleswap.ai/assets/mo.f2828f31.svg]
[appleswap.ai/assets/mp.0f686973.svg]
[appleswap.ai/assets/mp.59ca53fb.svg]
[appleswap.ai/assets/mq.94315e14.svg]
[appleswap.ai/assets/mq.e58f7279.svg]
[appleswap.ai/assets/mr.b5b86550.svg]
[appleswap.ai/assets/mr.4ccf1997.svg]
[appleswap.ai/assets/ms.91a65429.svg]
[appleswap.ai/assets/ms.a22195f9.svg]
[appleswap.ai/assets/mt.847b9371.svg]
[appleswap.ai/assets/mt.ae7e5df1.svg]
[appleswap.ai/assets/mu.51f86810.svg]
[appleswap.ai/assets/mu.3a73b077.svg]
[appleswap.ai/assets/mv.5546d527.svg]
[appleswap.ai/assets/mv.ecc358a3.svg]
[appleswap.ai/assets/mw.2a3cc640.svg]
[appleswap.ai/assets/mw.b53cff28.svg]
[appleswap.ai/assets/mx.46cef6ab.svg]
[appleswap.ai/assets/mx.cda16de8.svg]
[appleswap.ai/assets/my.fbda82cd.svg]
[appleswap.ai/assets/my.ab77d984.svg]
[appleswap.ai/assets/mz.888f5aa1.svg]
[appleswap.ai/assets/mz.69568d10.svg]
[appleswap.ai/assets/na.c32f1b89.svg]
[appleswap.ai/assets/na.65796b81.svg]
[appleswap.ai/assets/nc.cff3afeb.svg]
[appleswap.ai/assets/nc.8b7ef8a4.svg]
[appleswap.ai/assets/ne.4b91653d.svg]
[appleswap.ai/assets/ne.c92686fc.svg]
[appleswap.ai/assets/nf.9cf4bf10.svg]
[appleswap.ai/assets/nf.d458b917.svg]
[appleswap.ai/assets/ng.b7a2a45a.svg]
[appleswap.ai/assets/ng.a41dbb75.svg]
[appleswap.ai/assets/ni.74e7ce0d.svg]
[appleswap.ai/assets/ni.8028e8a2.svg]
[appleswap.ai/assets/nl.54b194d9.svg]
[appleswap.ai/assets/nl.a8b56f7d.svg]
[appleswap.ai/assets/no.ceea17af.svg]
[appleswap.ai/assets/no.55fc1564.svg]
[appleswap.ai/assets/np.6244a1aa.svg]
[appleswap.ai/assets/np.f463b176.svg]
[appleswap.ai/assets/nr.f1de4b06.svg]
[appleswap.ai/assets/nr.c0fc69e7.svg]
[appleswap.ai/assets/nu.835c94f3.svg]
[appleswap.ai/assets/nu.93e802ac.svg]
[appleswap.ai/assets/nz.794a2c8c.svg]
[appleswap.ai/assets/nz.9e6e1d5e.svg]
[appleswap.ai/assets/om.4de803ba.svg]
[appleswap.ai/assets/om.51908fdc.svg]
[appleswap.ai/assets/pa.6181586e.svg]
[appleswap.ai/assets/pa.354bb5c9.svg]
[appleswap.ai/assets/pe.e9dd299d.svg]
[appleswap.ai/assets/pe.c9852484.svg]
[appleswap.ai/assets/pf.d44b1974.svg]
[appleswap.ai/assets/pf.947958db.svg]
[appleswap.ai/assets/pg.45e15441.svg]
[appleswap.ai/assets/pg.34424deb.svg]
[appleswap.ai/assets/ph.4cccf403.svg]
[appleswap.ai/assets/ph.37c54f47.svg]
[appleswap.ai/assets/pk.d4949a03.svg]
[appleswap.ai/assets/pk.490b17d5.svg]
[appleswap.ai/assets/pl.369bb3e1.svg]
[appleswap.ai/assets/pl.698cda1f.svg]
[appleswap.ai/assets/pm.10cc79ca.svg]
[appleswap.ai/assets/pm.498e2e96.svg]
[appleswap.ai/assets/pn.b0b97502.svg]
[appleswap.ai/assets/pn.3087f94d.svg]
[appleswap.ai/assets/pr.3b26f0a1.svg]
[appleswap.ai/assets/pr.4c742be2.svg]
[appleswap.ai/assets/ps.e05636e8.svg]
[appleswap.ai/assets/ps.1d2d7ac5.svg]
[appleswap.ai/assets/pt.8dcc4829.svg]
[appleswap.ai/assets/pt.d79b25d4.svg]
[appleswap.ai/assets/pw.e2a38cce.svg]
[appleswap.ai/assets/pw.77185a59.svg]
[appleswap.ai/assets/py.0b374b8f.svg]
[appleswap.ai/assets/py.413b67df.svg]
[appleswap.ai/assets/qa.4d41fa3c.svg]
[appleswap.ai/assets/qa.a781df63.svg]
[appleswap.ai/assets/re.7b5a5202.svg]
[appleswap.ai/assets/re.a5347d1a.svg]
[appleswap.ai/assets/ro.17a3a747.svg]
[appleswap.ai/assets/ro.b56a867a.svg]
[appleswap.ai/assets/rs.c254c0e1.svg]
[appleswap.ai/assets/rs.f1579d87.svg]
[appleswap.ai/assets/ru.6c62f886.svg]
[appleswap.ai/assets/ru.5224e89e.svg]
[appleswap.ai/assets/rw.9512100a.svg]
[appleswap.ai/assets/rw.ada409bb.svg]
[appleswap.ai/assets/sa.b71b7934.svg]
[appleswap.ai/assets/sa.3dc0b466.svg]
[appleswap.ai/assets/sb.255e4192.svg]
[appleswap.ai/assets/sb.477f263a.svg]
[appleswap.ai/assets/sc.30cdbe42.svg]
[appleswap.ai/assets/sc.4363a818.svg]
[appleswap.ai/assets/sd.f4721ceb.svg]
[appleswap.ai/assets/sd.4c191d43.svg]
[appleswap.ai/assets/se.bc8a97e1.svg]
[appleswap.ai/assets/se.b4cc09f1.svg]
[appleswap.ai/assets/sg.25de9044.svg]
[appleswap.ai/assets/sg.37b8db58.svg]
[appleswap.ai/assets/sh.0b207fd4.svg]
[appleswap.ai/assets/sh.46034309.svg]
[appleswap.ai/assets/si.b7fe90ba.svg]
[appleswap.ai/assets/si.fee21cbd.svg]
[appleswap.ai/assets/sj.b60dad0e.svg]
[appleswap.ai/assets/sj.880802e4.svg]
[appleswap.ai/assets/sk.01a41b70.svg]
[appleswap.ai/assets/sk.40b3a188.svg]
[appleswap.ai/assets/sl.d0c384b0.svg]
[appleswap.ai/assets/sl.feb8b966.svg]
[appleswap.ai/assets/sm.c2055b28.svg]
[appleswap.ai/assets/sm.d2f10302.svg]
[appleswap.ai/assets/sn.6437db13.svg]
[appleswap.ai/assets/sn.2c7a8737.svg]
[appleswap.ai/assets/so.a3e6f461.svg]
[appleswap.ai/assets/so.50f29485.svg]
[appleswap.ai/assets/sr.5194a6af.svg]
[appleswap.ai/assets/sr.81b54581.svg]
[appleswap.ai/assets/ss.d09319a4.svg]
[appleswap.ai/assets/ss.6aa031ba.svg]
[appleswap.ai/assets/st.e9ac3984.svg]
[appleswap.ai/assets/st.cd70af66.svg]
[appleswap.ai/assets/sv.d9228d5c.svg]
[appleswap.ai/assets/sv.c921e011.svg]
[appleswap.ai/assets/sx.e6f91141.svg]
[appleswap.ai/assets/sx.b47e2df3.svg]
[appleswap.ai/assets/sy.38125aa4.svg]
[appleswap.ai/assets/sy.6e3feb72.svg]
[appleswap.ai/assets/sz.1565c373.svg]
[appleswap.ai/assets/sz.956856c2.svg]
[appleswap.ai/assets/tc.2e45c89e.svg]
[appleswap.ai/assets/tc.94789b54.svg]
[appleswap.ai/assets/td.19a278fb.svg]
[appleswap.ai/assets/td.f5c38f02.svg]
[appleswap.ai/assets/tf.297113df.svg]
[appleswap.ai/assets/tf.4c8eec85.svg]
[appleswap.ai/assets/tg.87150e04.svg]
[appleswap.ai/assets/tg.af622c09.svg]
[appleswap.ai/assets/th.329cc0d5.svg]
[appleswap.ai/assets/th.bb8a18d6.svg]
[appleswap.ai/assets/tj.93a976af.svg]
[appleswap.ai/assets/tj.45e33e60.svg]
[appleswap.ai/assets/tk.a8540a4a.svg]
[appleswap.ai/assets/tk.a12ef3ff.svg]
[appleswap.ai/assets/tl.3db6f72a.svg]
[appleswap.ai/assets/tl.6d71669d.svg]
[appleswap.ai/assets/tm.6af9a1d7.svg]
[appleswap.ai/assets/tm.3f4afeb2.svg]
[appleswap.ai/assets/tn.0aac4442.svg]
[appleswap.ai/assets/tn.e14a8dd4.svg]
[appleswap.ai/assets/to.b351703f.svg]
[appleswap.ai/assets/to.8f2f476b.svg]
[appleswap.ai/assets/tr.479d84d0.svg]
[appleswap.ai/assets/tr.be7d115b.svg]
[appleswap.ai/assets/tt.92f1261b.svg]
[appleswap.ai/assets/tt.125d18de.svg]
[appleswap.ai/assets/tv.d94fa5f1.svg]
[appleswap.ai/assets/tv.7415f816.svg]
[appleswap.ai/assets/tw.931757f0.svg]
[appleswap.ai/assets/tw.c04cf00d.svg]
[appleswap.ai/assets/tz.ee08fcf5.svg]
[appleswap.ai/assets/tz.0d271a2b.svg]
[appleswap.ai/assets/ua.2d869c23.svg]
[appleswap.ai/assets/ua.fd9ad29b.svg]
[appleswap.ai/assets/ug.8fc334ff.svg]
[appleswap.ai/assets/ug.873a2fe3.svg]
[appleswap.ai/assets/um.fe8b4e6c.svg]
[appleswap.ai/assets/um.f18c77e2.svg]
[appleswap.ai/assets/us.ef4d2e6e.svg]
[appleswap.ai/assets/us.d49605ae.svg]
[appleswap.ai/assets/uy.47656c0b.svg]
[appleswap.ai/assets/uy.560c003d.svg]
[appleswap.ai/assets/uz.62ce6f10.svg]
[appleswap.ai/assets/uz.8f09f1fe.svg]
[appleswap.ai/assets/va.89a0740b.svg]
[appleswap.ai/assets/va.6c856cb2.svg]
[appleswap.ai/assets/vc.6357f389.svg]
[appleswap.ai/assets/vc.2ef7fd06.svg]
[appleswap.ai/assets/ve.5712f1c6.svg]
[appleswap.ai/assets/ve.9052562f.svg]
[appleswap.ai/assets/vg.f9eabcef.svg]
[appleswap.ai/assets/vg.73832b5d.svg]
[appleswap.ai/assets/vi.77a2e9d5.svg]
[appleswap.ai/assets/vi.a618e688.svg]
[appleswap.ai/assets/vn.23550372.svg]
[appleswap.ai/assets/vn.4fa1366c.svg]
[appleswap.ai/assets/vu.8fc05c32.svg]
[appleswap.ai/assets/vu.b3048d60.svg]
[appleswap.ai/assets/wf.ad34db05.svg]
[appleswap.ai/assets/wf.da8ca66e.svg]
[appleswap.ai/assets/ws.6b1a7ebc.svg]
[appleswap.ai/assets/ws.48d15d76.svg]
[appleswap.ai/assets/ye.dc5607f4.svg]
[appleswap.ai/assets/ye.15c1b50c.svg]
[appleswap.ai/assets/yt.f6ed4975.svg]
[appleswap.ai/assets/yt.5a57b00a.svg]
[appleswap.ai/assets/za.384d6ef6.svg]
[appleswap.ai/assets/za.00b65e3b.svg]
[appleswap.ai/assets/zm.3336b5d3.svg]
[appleswap.ai/assets/zm.57492d45.svg]
[appleswap.ai/assets/zw.065490a5.svg]
[appleswap.ai/assets/zw.666c4541.svg]
[appleswap.ai/assets/arab.ffc0ee52.svg]
[appleswap.ai/assets/arab.c98d9d99.svg]
[appleswap.ai/assets/cefta.bfefb0f6.svg]
[appleswap.ai/assets/cefta.0c277cae.svg]
[appleswap.ai/assets/cp.bd880fc5.svg]
[appleswap.ai/assets/cp.7dfc8de4.svg]
[appleswap.ai/assets/dg.dc437057.svg]
[appleswap.ai/assets/dg.58d4805f.svg]
[appleswap.ai/assets/eac.b35bb4ff.svg]
[appleswap.ai/assets/eac.c4ef426e.svg]
[appleswap.ai/assets/es-ct.11229703.svg]
[appleswap.ai/assets/es-ct.95f4033c.svg]
[appleswap.ai/assets/es-ga.8a921639.svg]
[appleswap.ai/assets/es-ga.477a1812.svg]
[appleswap.ai/assets/es-pv.70a6e0fb.svg]
[appleswap.ai/assets/es-pv.f608b2f3.svg]
[appleswap.ai/assets/eu.67040ccd.svg]
[appleswap.ai/assets/eu.019d50bf.svg]
[appleswap.ai/assets/gb-eng.53797ba9.svg]
[appleswap.ai/assets/gb-eng.2dd36838.svg]
[appleswap.ai/assets/gb-nir.1e5cfe93.svg]
[appleswap.ai/assets/gb-nir.d91beb89.svg]
[appleswap.ai/assets/gb-sct.7b55bce7.svg]
[appleswap.ai/assets/gb-sct.19ed371e.svg]
[appleswap.ai/assets/gb-wls.3a95845d.svg]
[appleswap.ai/assets/gb-wls.d3c5b996.svg]
[appleswap.ai/assets/ic.9a584e04.svg]
[appleswap.ai/assets/ic.4e5a5e63.svg]
[appleswap.ai/assets/pc.540c3f0b.svg]
[appleswap.ai/assets/pc.502e1da5.svg]
[appleswap.ai/assets/sh-ac.b6ad57b0.svg]
[appleswap.ai/assets/sh-ac.b08e4e0a.svg]
[appleswap.ai/assets/sh-hl.6555ab98.svg]
[appleswap.ai/assets/sh-hl.37e199e9.svg]
[appleswap.ai/assets/sh-ta.799b3dee.svg]
[appleswap.ai/assets/sh-ta.6b600555.svg]
[appleswap.ai/assets/un.1b4df7a8.svg]
[appleswap.ai/assets/un.45d364fc.svg]
[appleswap.ai/assets/xk.95fe9a76.svg]
[appleswap.ai/assets/index.9df13cc8.css]
[appleswap.ai/assets/app-antd-dark-theme-style.e3b0c442.css]
[appleswap.ai/resource/img/logo.svg]
[appleswap.ai/assets/xx.5f776f5b.svg]
[appleswap.ai/assets/xx.84717c7a.svg]
[appleswap.ai/assets/ad.01e40953.svg]
[appleswap.ai/assets/ad.4b037d69.svg]
[appleswap.ai/assets/ae.e646ea13.svg]
[appleswap.ai/assets/ae.534fefed.svg]
[appleswap.ai/assets/af.dcf380eb.svg]
[appleswap.ai/assets/af.2b0f0512.svg]
[appleswap.ai/assets/ag.d8b2d313.svg]
[appleswap.ai/assets/ag.0426382d.svg]
[appleswap.ai/assets/ai.9404c772.svg]
[appleswap.ai/assets/ai.259c2c73.svg]
[appleswap.ai/assets/al.d5d048db.svg]
[appleswap.ai/assets/al.21e1b6b5.svg]
[appleswap.ai/assets/am.efb6cdaa.svg]
[appleswap.ai/assets/am.57edcffa.svg]
[appleswap.ai/assets/ao.3c52ff53.svg]
[appleswap.ai/assets/ao.a296c39c.svg]
[appleswap.ai/assets/aq.454424bf.svg]
[appleswap.ai/assets/aq.733794b7.svg]
[appleswap.ai/assets/ar.2f7aada4.svg]
[appleswap.ai/assets/ar.1768d119.svg]
[appleswap.ai/assets/as.43a6bbb4.svg]
[appleswap.ai/assets/as.c4c6fecf.svg]
[appleswap.ai/assets/at.2754ed2f.svg]
[appleswap.ai/assets/at.9152f136.svg]
[appleswap.ai/assets/au.6cf0b0da.svg]
[appleswap.ai/assets/au.01aa7963.svg]
[appleswap.ai/assets/aw.c790e041.svg]
[appleswap.ai/assets/aw.e778dd16.svg]
[appleswap.ai/assets/ax.1f2bddd3.svg]
[appleswap.ai/assets/ax.4702b3f0.svg]
[appleswap.ai/assets/az.b942e12d.svg]
[appleswap.ai/assets/az.fef5c465.svg]
[appleswap.ai/assets/ba.a87565c0.svg]
[appleswap.ai/assets/ba.6f3a3ab7.svg]
[appleswap.ai/assets/bb.3054f0b2.svg]
[appleswap.ai/assets/bb.c7b3b259.svg]
[appleswap.ai/assets/bd.1aabb4a7.svg]
[appleswap.ai/assets/bd.90f8f20e.svg]
[appleswap.ai/assets/be.42f09ed6.svg]
[appleswap.ai/assets/be.a2f62b54.svg]
[appleswap.ai/assets/bf.606b17ad.svg]
[appleswap.ai/assets/bf.62cdc2bd.svg]
[appleswap.ai/assets/bg.a2282477.svg]
[appleswap.ai/assets/bg.40e29b66.svg]
[appleswap.ai/assets/bh.7a519f58.svg]
[appleswap.ai/assets/bh.102fe27e.svg]
[appleswap.ai/assets/bi.5ef1a56b.svg]
[appleswap.ai/assets/bi.976cd178.svg]
[appleswap.ai/assets/bj.0a46cbae.svg]
[appleswap.ai/assets/bj.2cbd6426.svg]
[appleswap.ai/assets/bl.d511eb84.svg]
[appleswap.ai/assets/bl.025f596f.svg]
[appleswap.ai/assets/bm.a15913d4.svg]
[appleswap.ai/assets/bm.fc42642b.svg]
[appleswap.ai/assets/bn.6a573bd7.svg]
[appleswap.ai/assets/bn.a381967f.svg]
[appleswap.ai/assets/bo.24e9a0dd.svg]
[appleswap.ai/assets/bo.651ff433.svg]
[appleswap.ai/assets/bq.23881e6c.svg]
[appleswap.ai/assets/bq.83723941.svg]
[appleswap.ai/assets/br.fc872e71.svg]
[appleswap.ai/assets/br.ce7e334e.svg]
[appleswap.ai/assets/bs.e3a1ee51.svg]
[appleswap.ai/assets/bs.21cdbdc6.svg]
[appleswap.ai/assets/bt.dc7fe8fa.svg]
[appleswap.ai/assets/bt.84e84171.svg]
[appleswap.ai/assets/bv.d972d58c.svg]
[appleswap.ai/assets/bv.342b164c.svg]
[appleswap.ai/assets/bw.1fc9322c.svg]
[appleswap.ai/assets/bw.e1e15926.svg]
[appleswap.ai/assets/by.c8f5fce1.svg]
[appleswap.ai/assets/by.6352ceb3.svg]
[appleswap.ai/assets/bz.33179ee8.svg]
[appleswap.ai/assets/bz.93bdf8bf.svg]
[appleswap.ai/assets/ca.73bd9657.svg]
[appleswap.ai/assets/ca.5e8736c4.svg]
[appleswap.ai/assets/cc.9c6cd055.svg]
[appleswap.ai/assets/cc.6ab691df.svg]
[appleswap.ai/assets/cd.23f049df.svg]
[appleswap.ai/assets/cd.c3f432db.svg]
[appleswap.ai/assets/cf.1b58dc20.svg]
[appleswap.ai/assets/cf.2e16b1cf.svg]
[appleswap.ai/assets/cg.c606004c.svg]
[appleswap.ai/assets/cg.d2d60d9f.svg]
[appleswap.ai/assets/ch.ac676cd3.svg]
[appleswap.ai/assets/ch.be4b8257.svg]
[appleswap.ai/assets/ci.4ecfea70.svg]
[appleswap.ai/assets/ci.c3f20b8e.svg]
[appleswap.ai/assets/ck.b17c039f.svg]
[appleswap.ai/assets/ck.e5457495.svg]
[appleswap.ai/assets/cl.24dfd9cf.svg]
[appleswap.ai/assets/cl.5ae2d8a4.svg]
[appleswap.ai/assets/cm.c9a327dc.svg]
[appleswap.ai/assets/cm.0899a610.svg]
[appleswap.ai/assets/cn.981da9bd.svg]
[appleswap.ai/assets/cn.b63401f4.svg]
[appleswap.ai/assets/co.6bab3c96.svg]
[appleswap.ai/assets/co.596558a2.svg]
[appleswap.ai/assets/cr.4775ef01.svg]
[appleswap.ai/assets/cr.b70b33c4.svg]
[appleswap.ai/assets/cu.e76f7c38.svg]
[appleswap.ai/assets/cu.4b240cd3.svg]
[appleswap.ai/assets/cv.2fa67e0a.svg]
[appleswap.ai/assets/cv.1f908f34.svg]
[appleswap.ai/assets/cw.c845d0ca.svg]
[appleswap.ai/assets/cw.f4df53da.svg]
[appleswap.ai/assets/cx.ade6b862.svg]
[appleswap.ai/assets/cx.cd561600.svg]
[appleswap.ai/assets/cy.4ef9fb91.svg]
[appleswap.ai/assets/cy.72cd7167.svg]
[appleswap.ai/assets/cz.d601fcc2.svg]
[appleswap.ai/assets/cz.5a462b5f.svg]
[appleswap.ai/assets/de.7318c9aa.svg]
[appleswap.ai/assets/de.d5f40046.svg]
[appleswap.ai/assets/dj.ed66c09f.svg]
[appleswap.ai/assets/dj.e788b24d.svg]
[appleswap.ai/assets/dk.d2847c0b.svg]
[appleswap.ai/assets/dk.4d7c9c44.svg]
[appleswap.ai/assets/dm.ff490fa3.svg]
[appleswap.ai/assets/dm.eab3ec31.svg]
[appleswap.ai/assets/do.9470b8ab.svg]
[appleswap.ai/assets/do.b63f4eb9.svg]
[appleswap.ai/assets/dz.9ea0cf93.svg]
[appleswap.ai/assets/dz.73f56cc7.svg]
[appleswap.ai/assets/ec.73be1a4b.svg]
[appleswap.ai/assets/ec.c1196d0f.svg]
[appleswap.ai/assets/ee.1c30ac2c.svg]
[appleswap.ai/assets/ee.733a082e.svg]
[appleswap.ai/assets/eg.3383c598.svg]
[appleswap.ai/assets/eg.04d3ab3f.svg]
[appleswap.ai/assets/eh.e9d3c61b.svg]
[appleswap.ai/assets/eh.cd622ccb.svg]
[appleswap.ai/assets/er.21cdc1d1.svg]
[appleswap.ai/assets/er.3cd1a45c.svg]
[appleswap.ai/assets/es.6fe80291.svg]
[appleswap.ai/assets/es.edd3ba17.svg]
[appleswap.ai/assets/et.c2525ca4.svg]
[appleswap.ai/assets/et.68cee02b.svg]
[appleswap.ai/assets/fi.012edd98.svg]
[appleswap.ai/assets/fi.f4064089.svg]
[appleswap.ai/assets/fj.34660dda.svg]
[appleswap.ai/assets/fj.be546b9d.svg]
[appleswap.ai/assets/fk.e27a1876.svg]
[appleswap.ai/assets/fk.2b55d0fe.svg]
[appleswap.ai/assets/fm.23db3e9f.svg]
[appleswap.ai/assets/fm.3113102b.svg]
[appleswap.ai/assets/fo.db222fca.svg]
[appleswap.ai/assets/fo.f3d95cc8.svg]
[appleswap.ai/assets/fr.8cdacc8d.svg]
[appleswap.ai/assets/fr.5cdc5047.svg]
[appleswap.ai/assets/ga.f7b775c4.svg]
[appleswap.ai/assets/ga.cb2951db.svg]
[appleswap.ai/assets/gb.51a8613a.svg]
[appleswap.ai/assets/gb.4b739ae8.svg]
[appleswap.ai/assets/gd.5b590f15.svg]
[appleswap.ai/assets/gd.a0f628ea.svg]
[appleswap.ai/assets/ge.3821d90a.svg]
[appleswap.ai/assets/ge.c89af007.svg]
[appleswap.ai/assets/gf.cb5464e2.svg]
[appleswap.ai/assets/gf.7643aaa7.svg]
[appleswap.ai/assets/gg.ea806b48.svg]
[appleswap.ai/assets/gg.ca797ce5.svg]
[appleswap.ai/assets/gh.86635202.svg]
[appleswap.ai/assets/gh.4afd4198.svg]
[appleswap.ai/assets/gi.64b3c164.svg]
[appleswap.ai/assets/gi.a72043d1.svg]
[appleswap.ai/assets/gl.15a60b07.svg]
[appleswap.ai/assets/gl.debe7773.svg]
[appleswap.ai/assets/gm.2aa3fad4.svg]
[appleswap.ai/assets/gm.726e760b.svg]
[appleswap.ai/assets/gn.ee01e7dd.svg]
[appleswap.ai/assets/gn.8d20e686.svg]
[appleswap.ai/assets/gp.ee9d78d0.svg]
[appleswap.ai/assets/gp.5f0e3566.svg]
[appleswap.ai/assets/gq.be2561d6.svg]
[appleswap.ai/assets/gq.a3bf98e3.svg]
[appleswap.ai/assets/gr.a184070f.svg]
[appleswap.ai/assets/gr.a4519d98.svg]
[appleswap.ai/assets/gs.5798c05b.svg]
[appleswap.ai/assets/gs.0801216a.svg]
[appleswap.ai/assets/gt.047e034e.svg]
[appleswap.ai/assets/gt.387d7394.svg]
[appleswap.ai/assets/gu.8d45b5e2.svg]
[appleswap.ai/assets/gu.0fc8abf7.svg]
[appleswap.ai/assets/gw.651e35df.svg]
[appleswap.ai/assets/gw.7bb04bdb.svg]
[appleswap.ai/assets/gy.81301929.svg]
[appleswap.ai/assets/gy.97253f86.svg]
[appleswap.ai/assets/hk.b1d75699.svg]
[appleswap.ai/assets/hk.cb99edfd.svg]
[appleswap.ai/assets/hm.962e9410.svg]
[appleswap.ai/assets/hm.3c45173f.svg]
[appleswap.ai/assets/hn.67130fa0.svg]
[appleswap.ai/assets/hn.545c93c9.svg]
[appleswap.ai/assets/hr.269fdafe.svg]
[appleswap.ai/assets/hr.11b51582.svg]
[appleswap.ai/assets/ht.06453723.svg]
[appleswap.ai/assets/ht.f397e92e.svg]
[appleswap.ai/assets/hu.ffc4edd5.svg]
[appleswap.ai/assets/hu.9e6bc6d7.svg]
[appleswap.ai/assets/id.5cd3acc4.svg]
[appleswap.ai/assets/id.b8cd30f2.svg]
[appleswap.ai/assets/ie.f82568d7.svg]
[appleswap.ai/assets/ie.860168f5.svg]
[appleswap.ai/assets/il.023f6d1b.svg]
[appleswap.ai/assets/il.a1a6fff1.svg]
[appleswap.ai/assets/im.4297d37f.svg]
[appleswap.ai/assets/im.4b7d3373.svg]
[appleswap.ai/assets/in.5578409e.svg]
[appleswap.ai/assets/in.ca5f38b1.svg]
[appleswap.ai/assets/io.a7a4cf26.svg]
[appleswap.ai/assets/io.1d9b0992.svg]
[appleswap.ai/assets/iq.0e5d8753.svg]
[appleswap.ai/assets/iq.d23d774b.svg]
[appleswap.ai/assets/ir.f55cb919.svg]
[appleswap.ai/assets/ir.a26d6b1f.svg]
[appleswap.ai/assets/is.ef74d1f1.svg]
[appleswap.ai/assets/is.07f3da7e.svg]
[appleswap.ai/assets/it.9fa88118.svg]
[appleswap.ai/assets/it.03086f2e.svg]
[appleswap.ai/assets/je.27d4c347.svg]
[appleswap.ai/assets/je.c138f8b2.svg]
[appleswap.ai/assets/jm.61441775.svg]
[appleswap.ai/assets/jm.a556453f.svg]
[appleswap.ai/assets/jo.28827eb1.svg]
[appleswap.ai/assets/jo.6e2909a8.svg]
[appleswap.ai/assets/jp.bfea80ba.svg]
[appleswap.ai/assets/jp.2bd3a486.svg]
[appleswap.ai/assets/ke.dd6b6ae5.svg]
[appleswap.ai/assets/ke.7eb5e970.svg]
[appleswap.ai/assets/kg.1a70b98a.svg]
[appleswap.ai/assets/kg.106674d7.svg]
[appleswap.ai/assets/kh.706c89a1.svg]
[appleswap.ai/assets/kh.65671aad.svg]
[appleswap.ai/assets/ki.f9f15e1f.svg]
[appleswap.ai/assets/ki.62b89f15.svg]
[appleswap.ai/assets/km.f66aabe2.svg]
[appleswap.ai/assets/km.e08a7d38.svg]
[appleswap.ai/assets/kn.c7744ba0.svg]
[appleswap.ai/assets/kn.2056e537.svg]
[appleswap.ai/assets/kp.c0815d9c.svg]
[appleswap.ai/assets/kp.a5f669ad.svg]
[appleswap.ai/assets/kr.28c300b3.svg]
[appleswap.ai/assets/kr.1ffe3852.svg]
[appleswap.ai/assets/kw.fabd47f0.svg]
[appleswap.ai/assets/kw.c014b43b.svg]
[appleswap.ai/assets/ky.7ce314ba.svg]
[appleswap.ai/assets/ky.081844eb.svg]
[appleswap.ai/assets/kz.bb09cc45.svg]
[appleswap.ai/assets/kz.d9160b84.svg]
[appleswap.ai/assets/la.ed8ce307.svg]
[appleswap.ai/assets/la.cde719dd.svg]
[appleswap.ai/assets/lb.3abccf66.svg]
[appleswap.ai/assets/lb.97589547.svg]
[appleswap.ai/assets/lc.525ad8c3.svg]
[appleswap.ai/assets/lc.539914cb.svg]
[appleswap.ai/assets/li.ab80b8a1.svg]
[appleswap.ai/assets/li.f5687123.svg]
[appleswap.ai/assets/lk.b3f79269.svg]
[appleswap.ai/assets/lk.e6bb471e.svg]
[appleswap.ai/assets/lr.cbf9ef85.svg]
[appleswap.ai/assets/lr.bca2ce8b.svg]
[appleswap.ai/assets/ls.9491616e.svg]
[appleswap.ai/assets/ls.d59e8226.svg]
[appleswap.ai/assets/lt.dc040199.svg]
[appleswap.ai/assets/lt.8ef0e9cb.svg]
[appleswap.ai/assets/lu.a6c17cd0.svg]
[appleswap.ai/assets/lu.965964b5.svg]
[appleswap.ai/assets/lv.15d4e812.svg]
[appleswap.ai/assets/lv.f4e0567e.svg]
[appleswap.ai/assets/ly.b9246781.svg]
[appleswap.ai/assets/ly.bbd57e2f.svg]
[appleswap.ai/assets/ma.28cfcdec.svg]
[appleswap.ai/assets/ma.8f1a0be2.svg]
[appleswap.ai/assets/mc.690c23fe.svg]
[appleswap.ai/assets/mc.c3aaba7e.svg]
[appleswap.ai/assets/md.ae4fd022.svg]
[appleswap.ai/assets/md.e678dd90.svg]
[appleswap.ai/assets/xk.1571e3bb.svg]
[appleswap.ai/assets/me.73f05f92.svg]
[appleswap.ai/assets/me.8d3f7f89.svg]
[appleswap.ai/assets/mf.137b371d.svg]
[appleswap.ai/assets/mf.65d7d1af.svg]
[appleswap.ai/assets/mg.59246c21.svg]
[appleswap.ai/assets/mg.f16ffe66.svg]
[appleswap.ai/assets/mh.f4d41b34.svg]
[appleswap.ai/assets/mh.7bd55f27.svg]
[appleswap.ai/assets/mk.22488dc8.svg]
[appleswap.ai/assets/mk.8faba052.svg]
[appleswap.ai/assets/ml.49e84081.svg]
[appleswap.ai/assets/ml.34021383.svg]
[appleswap.ai/assets/mm.c0b2e23a.svg]
[appleswap.ai/assets/mm.ea2756fc.svg]
[appleswap.ai/assets/mn.e1212518.svg]
[appleswap.ai/assets/mn.3867f78b.svg]
[appleswap.ai/assets/mo.b3150f82.svg]
[appleswap.ai/assets/mo.f2828f31.svg]
[appleswap.ai/assets/mp.0f686973.svg]
[appleswap.ai/assets/mp.59ca53fb.svg]
[appleswap.ai/assets/mq.94315e14.svg]
[appleswap.ai/assets/mq.e58f7279.svg]
[appleswap.ai/assets/mr.b5b86550.svg]
[appleswap.ai/assets/mr.4ccf1997.svg]
[appleswap.ai/assets/ms.91a65429.svg]
[appleswap.ai/assets/ms.a22195f9.svg]
[appleswap.ai/assets/mt.847b9371.svg]
[appleswap.ai/assets/mt.ae7e5df1.svg]
[appleswap.ai/assets/mu.51f86810.svg]
[appleswap.ai/assets/mu.3a73b077.svg]
[appleswap.ai/assets/mv.5546d527.svg]
[appleswap.ai/assets/mv.ecc358a3.svg]
[appleswap.ai/assets/mw.2a3cc640.svg]
[appleswap.ai/assets/mw.b53cff28.svg]
[appleswap.ai/assets/mx.46cef6ab.svg]
[appleswap.ai/assets/mx.cda16de8.svg]
[appleswap.ai/assets/my.fbda82cd.svg]
[appleswap.ai/assets/my.ab77d984.svg]
[appleswap.ai/assets/mz.888f5aa1.svg]
[appleswap.ai/assets/mz.69568d10.svg]
[appleswap.ai/assets/na.c32f1b89.svg]
[appleswap.ai/assets/na.65796b81.svg]
[appleswap.ai/assets/nc.cff3afeb.svg]
[appleswap.ai/assets/nc.8b7ef8a4.svg]
[appleswap.ai/assets/ne.4b91653d.svg]
[appleswap.ai/assets/ne.c92686fc.svg]
[appleswap.ai/assets/nf.9cf4bf10.svg]
[appleswap.ai/assets/nf.d458b917.svg]
[appleswap.ai/assets/ng.b7a2a45a.svg]
[appleswap.ai/assets/ng.a41dbb75.svg]
[appleswap.ai/assets/ni.74e7ce0d.svg]
[appleswap.ai/assets/ni.8028e8a2.svg]
[appleswap.ai/assets/nl.54b194d9.svg]
[appleswap.ai/assets/nl.a8b56f7d.svg]
[appleswap.ai/assets/no.ceea17af.svg]
[appleswap.ai/assets/no.55fc1564.svg]
[appleswap.ai/assets/np.6244a1aa.svg]
[appleswap.ai/assets/np.f463b176.svg]
[appleswap.ai/assets/nr.f1de4b06.svg]
[appleswap.ai/assets/nr.c0fc69e7.svg]
[appleswap.ai/assets/nu.835c94f3.svg]
[appleswap.ai/assets/nu.93e802ac.svg]
[appleswap.ai/assets/nz.794a2c8c.svg]
[appleswap.ai/assets/nz.9e6e1d5e.svg]
[appleswap.ai/assets/om.4de803ba.svg]
[appleswap.ai/assets/om.51908fdc.svg]
[appleswap.ai/assets/pa.6181586e.svg]
[appleswap.ai/assets/pa.354bb5c9.svg]
[appleswap.ai/assets/pe.e9dd299d.svg]
[appleswap.ai/assets/pe.c9852484.svg]
[appleswap.ai/assets/pf.d44b1974.svg]
[appleswap.ai/assets/pf.947958db.svg]
[appleswap.ai/assets/pg.45e15441.svg]
[appleswap.ai/assets/pg.34424deb.svg]
[appleswap.ai/assets/ph.4cccf403.svg]
[appleswap.ai/assets/ph.37c54f47.svg]
[appleswap.ai/assets/pk.d4949a03.svg]
[appleswap.ai/assets/pk.490b17d5.svg]
[appleswap.ai/assets/pl.369bb3e1.svg]
[appleswap.ai/assets/pl.698cda1f.svg]
[appleswap.ai/assets/pm.10cc79ca.svg]
[appleswap.ai/assets/pm.498e2e96.svg]
[appleswap.ai/assets/pn.b0b97502.svg]
[appleswap.ai/assets/pn.3087f94d.svg]
[appleswap.ai/assets/pr.3b26f0a1.svg]
[appleswap.ai/assets/pr.4c742be2.svg]
[appleswap.ai/assets/ps.e05636e8.svg]
[appleswap.ai/assets/ps.1d2d7ac5.svg]
[appleswap.ai/assets/pt.8dcc4829.svg]
[appleswap.ai/assets/pt.d79b25d4.svg]
[appleswap.ai/assets/pw.e2a38cce.svg]
[appleswap.ai/assets/pw.77185a59.svg]
[appleswap.ai/assets/py.0b374b8f.svg]
[appleswap.ai/assets/py.413b67df.svg]
[appleswap.ai/assets/qa.4d41fa3c.svg]
[appleswap.ai/assets/qa.a781df63.svg]
[appleswap.ai/assets/re.7b5a5202.svg]
[appleswap.ai/assets/re.a5347d1a.svg]
[appleswap.ai/assets/ro.17a3a747.svg]
[appleswap.ai/assets/ro.b56a867a.svg]
[appleswap.ai/assets/rs.c254c0e1.svg]
[appleswap.ai/assets/rs.f1579d87.svg]
[appleswap.ai/assets/ru.6c62f886.svg]
[appleswap.ai/assets/ru.5224e89e.svg]
[appleswap.ai/assets/rw.9512100a.svg]
[appleswap.ai/assets/rw.ada409bb.svg]
[appleswap.ai/assets/sa.b71b7934.svg]
[appleswap.ai/assets/sa.3dc0b466.svg]
[appleswap.ai/assets/sb.255e4192.svg]
[appleswap.ai/assets/sb.477f263a.svg]
[appleswap.ai/assets/sc.30cdbe42.svg]
[appleswap.ai/assets/sc.4363a818.svg]
[appleswap.ai/assets/sd.f4721ceb.svg]
[appleswap.ai/assets/sd.4c191d43.svg]
[appleswap.ai/assets/se.bc8a97e1.svg]
[appleswap.ai/assets/se.b4cc09f1.svg]
[appleswap.ai/assets/sg.25de9044.svg]
[appleswap.ai/assets/sg.37b8db58.svg]
[appleswap.ai/assets/sh.0b207fd4.svg]
[appleswap.ai/assets/sh.46034309.svg]
[appleswap.ai/assets/si.b7fe90ba.svg]
[appleswap.ai/assets/si.fee21cbd.svg]
[appleswap.ai/assets/sj.b60dad0e.svg]
[appleswap.ai/assets/sj.880802e4.svg]
[appleswap.ai/assets/sk.01a41b70.svg]
[appleswap.ai/assets/sk.40b3a188.svg]
[appleswap.ai/assets/sl.d0c384b0.svg]
[appleswap.ai/assets/sl.feb8b966.svg]
[appleswap.ai/assets/sm.c2055b28.svg]
[appleswap.ai/assets/sm.d2f10302.svg]
[appleswap.ai/assets/sn.6437db13.svg]
[appleswap.ai/assets/sn.2c7a8737.svg]
[appleswap.ai/assets/so.a3e6f461.svg]
[appleswap.ai/assets/so.50f29485.svg]
[appleswap.ai/assets/sr.5194a6af.svg]
[appleswap.ai/assets/sr.81b54581.svg]
[appleswap.ai/assets/ss.d09319a4.svg]
[appleswap.ai/assets/ss.6aa031ba.svg]
[appleswap.ai/assets/st.e9ac3984.svg]
[appleswap.ai/assets/st.cd70af66.svg]
[appleswap.ai/assets/sv.d9228d5c.svg]
[appleswap.ai/assets/sv.c921e011.svg]
[appleswap.ai/assets/sx.e6f91141.svg]
[appleswap.ai/assets/sx.b47e2df3.svg]
[appleswap.ai/assets/sy.38125aa4.svg]
[appleswap.ai/assets/sy.6e3feb72.svg]
[appleswap.ai/assets/sz.1565c373.svg]
[appleswap.ai/assets/sz.956856c2.svg]
[appleswap.ai/assets/tc.2e45c89e.svg]
[appleswap.ai/assets/tc.94789b54.svg]
[appleswap.ai/assets/td.19a278fb.svg]
[appleswap.ai/assets/td.f5c38f02.svg]
[appleswap.ai/assets/tf.297113df.svg]
[appleswap.ai/assets/tf.4c8eec85.svg]
[appleswap.ai/assets/tg.87150e04.svg]
[appleswap.ai/assets/tg.af622c09.svg]
[appleswap.ai/assets/th.329cc0d5.svg]
[appleswap.ai/assets/th.bb8a18d6.svg]
[appleswap.ai/assets/tj.93a976af.svg]
[appleswap.ai/assets/tj.45e33e60.svg]
[appleswap.ai/assets/tk.a8540a4a.svg]
[appleswap.ai/assets/tk.a12ef3ff.svg]
[appleswap.ai/assets/tl.3db6f72a.svg]
[appleswap.ai/assets/tl.6d71669d.svg]
[appleswap.ai/assets/tm.6af9a1d7.svg]
[appleswap.ai/assets/tm.3f4afeb2.svg]
[appleswap.ai/assets/tn.0aac4442.svg]
[appleswap.ai/assets/tn.e14a8dd4.svg]
[appleswap.ai/assets/to.b351703f.svg]
[appleswap.ai/assets/to.8f2f476b.svg]
[appleswap.ai/assets/tr.479d84d0.svg]
[appleswap.ai/assets/tr.be7d115b.svg]
[appleswap.ai/assets/tt.92f1261b.svg]
[appleswap.ai/assets/tt.125d18de.svg]
[appleswap.ai/assets/tv.d94fa5f1.svg]
[appleswap.ai/assets/tv.7415f816.svg]
[appleswap.ai/assets/tw.931757f0.svg]
[appleswap.ai/assets/tw.c04cf00d.svg]
[appleswap.ai/assets/tz.ee08fcf5.svg]
[appleswap.ai/assets/tz.0d271a2b.svg]
[appleswap.ai/assets/ua.2d869c23.svg]
[appleswap.ai/assets/ua.fd9ad29b.svg]
[appleswap.ai/assets/ug.8fc334ff.svg]
[appleswap.ai/assets/ug.873a2fe3.svg]
[appleswap.ai/assets/um.fe8b4e6c.svg]
[appleswap.ai/assets/um.f18c77e2.svg]
[appleswap.ai/assets/us.ef4d2e6e.svg]
[appleswap.ai/assets/us.d49605ae.svg]
[appleswap.ai/assets/uy.47656c0b.svg]
[appleswap.ai/assets/uy.560c003d.svg]
[appleswap.ai/assets/uz.62ce6f10.svg]
[appleswap.ai/assets/uz.8f09f1fe.svg]
[appleswap.ai/assets/va.89a0740b.svg]
[appleswap.ai/assets/va.6c856cb2.svg]
[appleswap.ai/assets/vc.6357f389.svg]
[appleswap.ai/assets/vc.2ef7fd06.svg]
[appleswap.ai/assets/ve.5712f1c6.svg]
[appleswap.ai/assets/ve.9052562f.svg]
[appleswap.ai/assets/vg.f9eabcef.svg]
[appleswap.ai/assets/vg.73832b5d.svg]
[appleswap.ai/assets/vi.77a2e9d5.svg]
[appleswap.ai/assets/vi.a618e688.svg]
[appleswap.ai/assets/vn.23550372.svg]
[appleswap.ai/assets/vn.4fa1366c.svg]
[appleswap.ai/assets/vu.8fc05c32.svg]
[appleswap.ai/assets/vu.b3048d60.svg]
[appleswap.ai/assets/wf.ad34db05.svg]
[appleswap.ai/assets/wf.da8ca66e.svg]
[appleswap.ai/assets/ws.6b1a7ebc.svg]
[appleswap.ai/assets/ws.48d15d76.svg]
[appleswap.ai/assets/ye.dc5607f4.svg]
[appleswap.ai/assets/ye.15c1b50c.svg]
[appleswap.ai/assets/yt.f6ed4975.svg]
[appleswap.ai/assets/yt.5a57b00a.svg]
[appleswap.ai/assets/za.384d6ef6.svg]
[appleswap.ai/assets/za.00b65e3b.svg]
[appleswap.ai/assets/zm.3336b5d3.svg]
[appleswap.ai/assets/zm.57492d45.svg]
[appleswap.ai/assets/zw.065490a5.svg]
[appleswap.ai/assets/zw.666c4541.svg]
[appleswap.ai/assets/arab.ffc0ee52.svg]
[appleswap.ai/assets/arab.c98d9d99.svg]
[appleswap.ai/assets/cefta.bfefb0f6.svg]
[appleswap.ai/assets/cefta.0c277cae.svg]
[appleswap.ai/assets/cp.bd880fc5.svg]
[appleswap.ai/assets/cp.7dfc8de4.svg]
[appleswap.ai/assets/dg.dc437057.svg]
[appleswap.ai/assets/dg.58d4805f.svg]
[appleswap.ai/assets/eac.b35bb4ff.svg]
[appleswap.ai/assets/eac.c4ef426e.svg]
[appleswap.ai/assets/es-ct.11229703.svg]
[appleswap.ai/assets/es-ct.95f4033c.svg]
[appleswap.ai/assets/es-ga.8a921639.svg]
[appleswap.ai/assets/es-ga.477a1812.svg]
[appleswap.ai/assets/es-pv.70a6e0fb.svg]
[appleswap.ai/assets/es-pv.f608b2f3.svg]
[appleswap.ai/assets/eu.67040ccd.svg]
[appleswap.ai/assets/eu.019d50bf.svg]
[appleswap.ai/assets/gb-eng.53797ba9.svg]
[appleswap.ai/assets/gb-eng.2dd36838.svg]
[appleswap.ai/assets/gb-nir.1e5cfe93.svg]
[appleswap.ai/assets/gb-nir.d91beb89.svg]
[appleswap.ai/assets/gb-sct.7b55bce7.svg]
[appleswap.ai/assets/gb-sct.19ed371e.svg]
[appleswap.ai/assets/gb-wls.3a95845d.svg]
[appleswap.ai/assets/gb-wls.d3c5b996.svg]
[appleswap.ai/assets/ic.9a584e04.svg]
[appleswap.ai/assets/ic.4e5a5e63.svg]
[appleswap.ai/assets/pc.540c3f0b.svg]
[appleswap.ai/assets/pc.502e1da5.svg]
[appleswap.ai/assets/sh-ac.b6ad57b0.svg]
[appleswap.ai/assets/sh-ac.b08e4e0a.svg]
[appleswap.ai/assets/sh-hl.6555ab98.svg]
[appleswap.ai/assets/sh-hl.37e199e9.svg]
[appleswap.ai/assets/sh-ta.799b3dee.svg]
[appleswap.ai/assets/sh-ta.6b600555.svg]
[appleswap.ai/assets/un.1b4df7a8.svg]
[appleswap.ai/assets/un.45d364fc.svg]
[appleswap.ai/assets/xk.95fe9a76.svg]
[appleswap.ai/assets/xk.1571e3bb.svg]
